2023-12-22 11:06:51,070 INFO o.a.j.u.JMeterUtils: Setting Locale to en_EN
2023-12-22 11:06:51,101 INFO o.a.j.JMeter: Loading user properties from: C:\apache-jmeter-5.6.2\bin\user.properties
2023-12-22 11:06:51,101 INFO o.a.j.JMeter: Loading system properties from: C:\apache-jmeter-5.6.2\bin\system.properties
2023-12-22 11:06:51,117 INFO o.a.j.JMeter: Copyright (c) 1998-2023 The Apache Software Foundation
2023-12-22 11:06:51,117 INFO o.a.j.JMeter: Version 5.6.2
2023-12-22 11:06:51,117 INFO o.a.j.JMeter: java.version=21.0.1
2023-12-22 11:06:51,117 INFO o.a.j.JMeter: java.vm.name=Java HotSpot(TM) 64-Bit Server VM
2023-12-22 11:06:51,117 INFO o.a.j.JMeter: os.name=Windows 11
2023-12-22 11:06:51,117 INFO o.a.j.JMeter: os.arch=amd64
2023-12-22 11:06:51,117 INFO o.a.j.JMeter: os.version=10.0
2023-12-22 11:06:51,117 INFO o.a.j.JMeter: file.encoding=UTF-8
2023-12-22 11:06:51,117 INFO o.a.j.JMeter: java.awt.headless=true
2023-12-22 11:06:51,117 INFO o.a.j.JMeter: Max memory     =1073741824
2023-12-22 11:06:51,117 INFO o.a.j.JMeter: Available Processors =2
2023-12-22 11:06:51,148 INFO o.a.j.JMeter: Default Locale=English (EN)
2023-12-22 11:06:51,148 INFO o.a.j.JMeter: JMeter  Locale=English (EN)
2023-12-22 11:06:51,148 INFO o.a.j.JMeter: JMeterHome=C:\apache-jmeter-5.6.2
2023-12-22 11:06:51,148 INFO o.a.j.JMeter: user.dir  =C:\Users\vilas\OneDrive\Escritorio\TestJMeter
2023-12-22 11:06:51,148 INFO o.a.j.JMeter: PWD       =C:\Users\vilas\OneDrive\Escritorio\TestJMeter
2023-12-22 11:06:51,148 INFO o.a.j.JMeter: IP: 192.168.100.81 Name: NOT000A4SO FullName: NOT000A4SO
2023-12-22 11:06:51,195 INFO o.a.j.s.FileServer: Default base='C:\Users\vilas\OneDrive\Escritorio\TestJMeter'
2023-12-22 11:06:51,195 INFO o.a.j.s.FileServer: Set new base='C:\Users\vilas\OneDrive\Escritorio\TestJMeter'
2023-12-22 11:06:51,695 INFO o.a.j.s.SaveService: Testplan (JMX) version: 2.2. Testlog (JTL) version: 2.2
2023-12-22 11:06:51,773 INFO o.a.j.s.SaveService: Using SaveService properties version 5.0
2023-12-22 11:06:51,789 INFO o.a.j.s.SaveService: Using SaveService properties file encoding UTF-8
2023-12-22 11:06:51,804 INFO o.a.j.s.SaveService: Loading file: C:\Users\vilas\OneDrive\Escritorio\TestJMeter\Test2-23720-50users.jmx
2023-12-22 11:06:51,945 INFO o.a.j.p.h.s.HTTPSamplerBase: Parser for text/html is org.apache.jmeter.protocol.http.parser.LagartoBasedHtmlParser
2023-12-22 11:06:51,945 INFO o.a.j.p.h.s.HTTPSamplerBase: Parser for application/xhtml+xml is org.apache.jmeter.protocol.http.parser.LagartoBasedHtmlParser
2023-12-22 11:06:51,945 INFO o.a.j.p.h.s.HTTPSamplerBase: Parser for application/xml is org.apache.jmeter.protocol.http.parser.LagartoBasedHtmlParser
2023-12-22 11:06:51,945 INFO o.a.j.p.h.s.HTTPSamplerBase: Parser for text/xml is org.apache.jmeter.protocol.http.parser.LagartoBasedHtmlParser
2023-12-22 11:06:51,945 INFO o.a.j.p.h.s.HTTPSamplerBase: Parser for text/vnd.wap.wml is org.apache.jmeter.protocol.http.parser.RegexpHTMLParser
2023-12-22 11:06:51,945 INFO o.a.j.p.h.s.HTTPSamplerBase: Parser for text/css is org.apache.jmeter.protocol.http.parser.CssParser
2023-12-22 11:06:52,008 INFO o.a.j.JMeter: Creating summariser <summary>
2023-12-22 11:06:52,023 INFO o.a.j.e.StandardJMeterEngine: Running the test!
2023-12-22 11:06:52,039 INFO o.a.j.s.SampleEvent: List of sample_variables: []
2023-12-22 11:06:52,039 INFO o.a.j.s.SampleEvent: List of sample_variables: []
2023-12-22 11:06:52,039 INFO o.a.j.e.u.CompoundVariable: Note: Function class names must contain the string: '.functions.'
2023-12-22 11:06:52,039 INFO o.a.j.e.u.CompoundVariable: Note: Function class names must not contain the string: '.gui.'
2023-12-22 11:06:52,190 INFO o.a.j.r.ClassFinder: Will scan jar C:\apache-jmeter-5.6.2\lib\ext\jmeter-plugins-graphs-basic-2.0.jar with filter ExtendsClassFilter [parents=[interface org.apache.jmeter.functions.Function], inner=false, contains=null, notContains=null]. Consider exposing JMeter plugins via META-INF/services, and add JMeter-Skip-Class-Scanning=true manifest attribute so JMeter can skip classfile scanning
2023-12-22 11:06:52,221 INFO o.a.j.r.ClassFinder: Will scan jar C:\apache-jmeter-5.6.2\lib\ext\jmeter-plugins-manager-1.10.jar with filter ExtendsClassFilter [parents=[interface org.apache.jmeter.functions.Function], inner=false, contains=null, notContains=null]. Consider exposing JMeter plugins via META-INF/services, and add JMeter-Skip-Class-Scanning=true manifest attribute so JMeter can skip classfile scanning
2023-12-22 11:06:52,393 INFO o.a.j.r.ClassFinder: Will scan jar C:\apache-jmeter-5.6.2\lib\ext\jmeter-plugins-graphs-additional-2.0.jar with filter ExtendsClassFilter [parents=[interface org.apache.jmeter.functions.Function], inner=false, contains=null, notContains=null]. Consider exposing JMeter plugins via META-INF/services, and add JMeter-Skip-Class-Scanning=true manifest attribute so JMeter can skip classfile scanning
2023-12-22 11:06:52,424 INFO o.a.j.JMeter: Running test (1703254012424)
2023-12-22 11:06:52,487 INFO o.a.j.e.StandardJMeterEngine: Starting ThreadGroup: 1 : Thread Group Test2
2023-12-22 11:06:52,487 INFO o.a.j.e.StandardJMeterEngine: Starting 50 threads for group Thread Group Test2.
2023-12-22 11:06:52,487 INFO o.a.j.e.StandardJMeterEngine: Thread will continue on error
2023-12-22 11:06:52,487 INFO o.a.j.t.ThreadGroup: Starting thread group... number=1 threads=50 ramp-up=1 delayedStart=false
2023-12-22 11:06:52,502 INFO o.a.j.t.JMeterThread: Thread started: Thread Group Test2 1-1
2023-12-22 11:06:52,575 INFO o.a.j.t.ThreadGroup: Started thread group number 1
2023-12-22 11:06:52,575 INFO o.a.j.e.StandardJMeterEngine: All thread groups have been started
2023-12-22 11:06:52,605 INFO o.a.j.t.JMeterThread: Thread started: Thread Group Test2 1-3
2023-12-22 11:06:52,605 INFO o.a.j.t.JMeterThread: Thread started: Thread Group Test2 1-2
2023-12-22 11:06:52,635 INFO o.a.j.p.h.s.HTTPHCAbstractImpl: Local host = NOT000A4SO
2023-12-22 11:06:52,648 INFO o.a.j.t.JMeterThread: Thread started: Thread Group Test2 1-4
2023-12-22 11:06:52,653 INFO o.a.j.t.JMeterThread: Thread started: Thread Group Test2 1-6
2023-12-22 11:06:52,655 INFO o.a.j.t.JMeterThread: Thread started: Thread Group Test2 1-5
2023-12-22 11:06:52,665 INFO o.a.j.p.h.s.HTTPHC4Impl: HTTP request retry count = 0
2023-12-22 11:06:52,670 INFO o.a.j.s.SampleResult: Note: Sample TimeStamps are START times
2023-12-22 11:06:52,671 INFO o.a.j.s.SampleResult: sampleresult.default.encoding is set to UTF-8
2023-12-22 11:06:52,671 INFO o.a.j.s.SampleResult: sampleresult.useNanoTime=true
2023-12-22 11:06:52,672 INFO o.a.j.s.SampleResult: sampleresult.nanoThreadSleep=5000
2023-12-22 11:06:52,708 INFO o.a.j.t.JMeterThread: Thread started: Thread Group Test2 1-7
2023-12-22 11:06:52,711 INFO o.a.j.t.JMeterThread: Thread started: Thread Group Test2 1-8
2023-12-22 11:06:52,714 INFO o.a.j.t.JMeterThread: Thread started: Thread Group Test2 1-9
2023-12-22 11:06:52,734 INFO o.a.j.t.JMeterThread: Thread started: Thread Group Test2 1-10
2023-12-22 11:06:52,792 INFO o.a.j.t.JMeterThread: Thread started: Thread Group Test2 1-11
2023-12-22 11:06:52,795 INFO o.a.j.t.JMeterThread: Thread started: Thread Group Test2 1-12
2023-12-22 11:06:52,861 INFO o.a.j.t.JMeterThread: Thread started: Thread Group Test2 1-13
2023-12-22 11:06:52,864 INFO o.a.j.t.JMeterThread: Thread started: Thread Group Test2 1-14
2023-12-22 11:06:52,869 INFO o.a.j.t.JMeterThread: Thread started: Thread Group Test2 1-15
2023-12-22 11:06:52,875 INFO o.a.j.t.JMeterThread: Thread started: Thread Group Test2 1-16
2023-12-22 11:06:52,887 INFO o.a.j.t.JMeterThread: Thread started: Thread Group Test2 1-17
2023-12-22 11:06:52,900 INFO o.a.j.p.h.s.h.LazyLayeredConnectionSocketFactory: Setting up HTTPS TrustAll Socket Factory
2023-12-22 11:06:52,909 INFO o.a.j.t.JMeterThread: Thread started: Thread Group Test2 1-18
2023-12-22 11:06:52,912 INFO o.a.j.u.JsseSSLManager: Using default SSL protocol: TLS
2023-12-22 11:06:52,912 INFO o.a.j.u.JsseSSLManager: SSL session context: per-thread
2023-12-22 11:06:52,921 INFO o.a.j.t.JMeterThread: Thread started: Thread Group Test2 1-19
2023-12-22 11:06:52,926 INFO o.a.j.t.JMeterThread: Thread started: Thread Group Test2 1-20
2023-12-22 11:06:52,946 INFO o.a.j.t.JMeterThread: Thread started: Thread Group Test2 1-21
2023-12-22 11:06:52,999 INFO o.a.j.t.JMeterThread: Thread started: Thread Group Test2 1-22
2023-12-22 11:06:53,009 INFO o.a.j.t.JMeterThread: Thread started: Thread Group Test2 1-23
2023-12-22 11:06:53,037 INFO o.a.j.t.JMeterThread: Thread started: Thread Group Test2 1-24
2023-12-22 11:06:53,057 INFO o.a.j.t.JMeterThread: Thread started: Thread Group Test2 1-25
2023-12-22 11:06:53,057 INFO o.a.j.t.JMeterThread: Thread started: Thread Group Test2 1-26
2023-12-22 11:06:53,090 INFO o.a.j.u.SSLManager: JmeterKeyStore Location:  type JKS
2023-12-22 11:06:53,096 INFO o.a.j.u.SSLManager: KeyStore created OK
2023-12-22 11:06:53,097 WARN o.a.j.u.SSLManager: Keystore file not found, loading empty keystore
2023-12-22 11:06:53,192 INFO o.a.j.t.JMeterThread: Thread started: Thread Group Test2 1-28
2023-12-22 11:06:53,195 INFO o.a.j.t.JMeterThread: Thread started: Thread Group Test2 1-29
2023-12-22 11:06:53,197 INFO o.a.j.t.JMeterThread: Thread started: Thread Group Test2 1-31
2023-12-22 11:06:53,199 INFO o.a.j.t.JMeterThread: Thread started: Thread Group Test2 1-33
2023-12-22 11:06:53,198 INFO o.a.j.t.JMeterThread: Thread started: Thread Group Test2 1-32
2023-12-22 11:06:53,197 INFO o.a.j.t.JMeterThread: Thread started: Thread Group Test2 1-30
2023-12-22 11:06:53,191 INFO o.a.j.t.JMeterThread: Thread started: Thread Group Test2 1-27
2023-12-22 11:06:53,287 INFO o.a.j.t.JMeterThread: Thread started: Thread Group Test2 1-34
2023-12-22 11:06:53,368 INFO o.a.j.t.JMeterThread: Thread started: Thread Group Test2 1-35
2023-12-22 11:06:53,377 INFO o.a.j.t.JMeterThread: Thread started: Thread Group Test2 1-37
2023-12-22 11:06:53,381 INFO o.a.j.t.JMeterThread: Thread started: Thread Group Test2 1-38
2023-12-22 11:06:53,393 INFO o.a.j.t.JMeterThread: Thread started: Thread Group Test2 1-39
2023-12-22 11:06:53,473 INFO o.a.j.t.JMeterThread: Thread started: Thread Group Test2 1-40
2023-12-22 11:06:53,476 INFO o.a.j.t.JMeterThread: Thread started: Thread Group Test2 1-41
2023-12-22 11:06:53,480 INFO o.a.j.t.JMeterThread: Thread started: Thread Group Test2 1-42
2023-12-22 11:06:53,489 INFO o.a.j.t.JMeterThread: Thread started: Thread Group Test2 1-43
2023-12-22 11:06:53,377 INFO o.a.j.t.JMeterThread: Thread started: Thread Group Test2 1-36
2023-12-22 11:06:53,707 INFO o.a.j.t.JMeterThread: Thread started: Thread Group Test2 1-45
2023-12-22 11:06:53,709 INFO o.a.j.t.JMeterThread: Thread started: Thread Group Test2 1-46
2023-12-22 11:06:53,710 INFO o.a.j.t.JMeterThread: Thread started: Thread Group Test2 1-47
2023-12-22 11:06:53,712 INFO o.a.j.t.JMeterThread: Thread started: Thread Group Test2 1-48
2023-12-22 11:06:53,718 INFO o.a.j.t.JMeterThread: Thread started: Thread Group Test2 1-50
2023-12-22 11:06:53,716 INFO o.a.j.t.JMeterThread: Thread started: Thread Group Test2 1-49
2023-12-22 11:06:53,707 INFO o.a.j.t.JMeterThread: Thread started: Thread Group Test2 1-44
2023-12-22 11:07:00,011 INFO o.a.j.r.Summariser: summary +      3 in 00:00:08 =    0.4/s Avg:  5754 Min:  4794 Max:  7154 Err:     0 (0.00%) Active: 50 Started: 50 Finished: 0
2023-12-22 11:07:16,771 INFO o.a.j.t.JMeterThread: Thread is done: Thread Group Test2 1-33
2023-12-22 11:07:16,771 INFO o.a.j.t.JMeterThread: Thread finished: Thread Group Test2 1-33
2023-12-22 11:07:17,567 INFO o.a.j.t.JMeterThread: Thread is done: Thread Group Test2 1-22
2023-12-22 11:07:17,567 INFO o.a.j.t.JMeterThread: Thread finished: Thread Group Test2 1-22
2023-12-22 11:07:20,098 INFO o.a.j.t.JMeterThread: Thread is done: Thread Group Test2 1-45
2023-12-22 11:07:20,098 INFO o.a.j.t.JMeterThread: Thread finished: Thread Group Test2 1-45
2023-12-22 11:07:20,644 INFO o.a.j.t.JMeterThread: Thread is done: Thread Group Test2 1-39
2023-12-22 11:07:20,644 INFO o.a.j.t.JMeterThread: Thread finished: Thread Group Test2 1-39
2023-12-22 11:07:21,519 INFO o.a.j.t.JMeterThread: Thread is done: Thread Group Test2 1-42
2023-12-22 11:07:21,519 INFO o.a.j.t.JMeterThread: Thread finished: Thread Group Test2 1-42
2023-12-22 11:07:21,831 INFO o.a.j.t.JMeterThread: Thread is done: Thread Group Test2 1-49
2023-12-22 11:07:21,831 INFO o.a.j.t.JMeterThread: Thread finished: Thread Group Test2 1-49
2023-12-22 11:07:23,909 INFO o.a.j.t.JMeterThread: Thread is done: Thread Group Test2 1-26
2023-12-22 11:07:23,909 INFO o.a.j.t.JMeterThread: Thread finished: Thread Group Test2 1-26
2023-12-22 11:07:25,127 INFO o.a.j.t.JMeterThread: Thread is done: Thread Group Test2 1-48
2023-12-22 11:07:25,127 INFO o.a.j.t.JMeterThread: Thread finished: Thread Group Test2 1-48
2023-12-22 11:07:25,143 INFO o.a.j.t.JMeterThread: Thread is done: Thread Group Test2 1-11
2023-12-22 11:07:25,158 INFO o.a.j.t.JMeterThread: Thread finished: Thread Group Test2 1-11
2023-12-22 11:07:25,315 INFO o.a.j.t.JMeterThread: Thread is done: Thread Group Test2 1-28
2023-12-22 11:07:25,315 INFO o.a.j.t.JMeterThread: Thread finished: Thread Group Test2 1-28
2023-12-22 11:07:25,736 INFO o.a.j.t.JMeterThread: Thread is done: Thread Group Test2 1-6
2023-12-22 11:07:25,736 INFO o.a.j.t.JMeterThread: Thread finished: Thread Group Test2 1-6
2023-12-22 11:07:25,908 INFO o.a.j.t.JMeterThread: Thread is done: Thread Group Test2 1-36
2023-12-22 11:07:25,908 INFO o.a.j.t.JMeterThread: Thread finished: Thread Group Test2 1-36
2023-12-22 11:07:26,018 INFO o.a.j.t.JMeterThread: Thread is done: Thread Group Test2 1-12
2023-12-22 11:07:26,018 INFO o.a.j.t.JMeterThread: Thread finished: Thread Group Test2 1-12
2023-12-22 11:07:26,096 INFO o.a.j.t.JMeterThread: Thread is done: Thread Group Test2 1-21
2023-12-22 11:07:26,096 INFO o.a.j.t.JMeterThread: Thread finished: Thread Group Test2 1-21
2023-12-22 11:07:26,502 INFO o.a.j.t.JMeterThread: Thread is done: Thread Group Test2 1-20
2023-12-22 11:07:26,517 INFO o.a.j.t.JMeterThread: Thread finished: Thread Group Test2 1-20
2023-12-22 11:07:26,580 INFO o.a.j.t.JMeterThread: Thread is done: Thread Group Test2 1-5
2023-12-22 11:07:26,580 INFO o.a.j.t.JMeterThread: Thread finished: Thread Group Test2 1-5
2023-12-22 11:07:26,642 INFO o.a.j.t.JMeterThread: Thread is done: Thread Group Test2 1-7
2023-12-22 11:07:26,642 INFO o.a.j.t.JMeterThread: Thread finished: Thread Group Test2 1-7
2023-12-22 11:07:26,830 INFO o.a.j.t.JMeterThread: Thread is done: Thread Group Test2 1-16
2023-12-22 11:07:26,830 INFO o.a.j.t.JMeterThread: Thread finished: Thread Group Test2 1-16
2023-12-22 11:07:27,002 INFO o.a.j.t.JMeterThread: Thread is done: Thread Group Test2 1-31
2023-12-22 11:07:27,002 INFO o.a.j.t.JMeterThread: Thread finished: Thread Group Test2 1-31
2023-12-22 11:07:27,252 INFO o.a.j.t.JMeterThread: Thread is done: Thread Group Test2 1-30
2023-12-22 11:07:27,252 INFO o.a.j.t.JMeterThread: Thread finished: Thread Group Test2 1-30
2023-12-22 11:07:27,892 INFO o.a.j.t.JMeterThread: Thread is done: Thread Group Test2 1-32
2023-12-22 11:07:27,892 INFO o.a.j.t.JMeterThread: Thread finished: Thread Group Test2 1-32
2023-12-22 11:07:28,220 INFO o.a.j.t.JMeterThread: Thread is done: Thread Group Test2 1-47
2023-12-22 11:07:28,220 INFO o.a.j.t.JMeterThread: Thread finished: Thread Group Test2 1-47
2023-12-22 11:07:29,017 INFO o.a.j.t.JMeterThread: Thread is done: Thread Group Test2 1-43
2023-12-22 11:07:29,017 INFO o.a.j.t.JMeterThread: Thread finished: Thread Group Test2 1-43
2023-12-22 11:07:30,313 INFO o.a.j.r.Summariser: summary +    156 in 00:00:30 =    5.1/s Avg: 10534 Min:  1546 Max: 37090 Err:     0 (0.00%) Active: 27 Started: 50 Finished: 23
2023-12-22 11:07:30,313 INFO o.a.j.r.Summariser: summary =    159 in 00:00:38 =    4.2/s Avg: 10444 Min:  1546 Max: 37090 Err:     0 (0.00%)
2023-12-22 11:07:30,313 INFO o.a.j.t.JMeterThread: Thread is done: Thread Group Test2 1-34
2023-12-22 11:07:30,313 INFO o.a.j.t.JMeterThread: Thread finished: Thread Group Test2 1-34
2023-12-22 11:07:30,360 INFO o.a.j.t.JMeterThread: Thread is done: Thread Group Test2 1-35
2023-12-22 11:07:30,360 INFO o.a.j.t.JMeterThread: Thread finished: Thread Group Test2 1-35
2023-12-22 11:07:30,922 INFO o.a.j.t.JMeterThread: Thread is done: Thread Group Test2 1-19
2023-12-22 11:07:30,922 INFO o.a.j.t.JMeterThread: Thread finished: Thread Group Test2 1-19
2023-12-22 11:07:31,016 INFO o.a.j.t.JMeterThread: Thread is done: Thread Group Test2 1-3
2023-12-22 11:07:31,016 INFO o.a.j.t.JMeterThread: Thread finished: Thread Group Test2 1-3
2023-12-22 11:07:31,156 INFO o.a.j.t.JMeterThread: Thread is done: Thread Group Test2 1-38
2023-12-22 11:07:31,156 INFO o.a.j.t.JMeterThread: Thread finished: Thread Group Test2 1-38
2023-12-22 11:07:31,313 INFO o.a.j.t.JMeterThread: Thread is done: Thread Group Test2 1-24
2023-12-22 11:07:31,313 INFO o.a.j.t.JMeterThread: Thread finished: Thread Group Test2 1-24
2023-12-22 11:07:31,375 INFO o.a.j.t.JMeterThread: Thread is done: Thread Group Test2 1-23
2023-12-22 11:07:31,375 INFO o.a.j.t.JMeterThread: Thread finished: Thread Group Test2 1-23
2023-12-22 11:07:31,547 INFO o.a.j.t.JMeterThread: Thread is done: Thread Group Test2 1-15
2023-12-22 11:07:31,547 INFO o.a.j.t.JMeterThread: Thread finished: Thread Group Test2 1-15
2023-12-22 11:07:32,016 INFO o.a.j.t.JMeterThread: Thread is done: Thread Group Test2 1-10
2023-12-22 11:07:32,016 INFO o.a.j.t.JMeterThread: Thread finished: Thread Group Test2 1-10
2023-12-22 11:07:32,140 INFO o.a.j.t.JMeterThread: Thread is done: Thread Group Test2 1-1
2023-12-22 11:07:32,140 INFO o.a.j.t.JMeterThread: Thread finished: Thread Group Test2 1-1
2023-12-22 11:07:32,796 INFO o.a.j.t.JMeterThread: Thread is done: Thread Group Test2 1-18
2023-12-22 11:07:32,796 INFO o.a.j.t.JMeterThread: Thread finished: Thread Group Test2 1-18
2023-12-22 11:07:32,906 INFO o.a.j.t.JMeterThread: Thread is done: Thread Group Test2 1-2
2023-12-22 11:07:32,906 INFO o.a.j.t.JMeterThread: Thread finished: Thread Group Test2 1-2
2023-12-22 11:07:33,122 INFO o.a.j.t.JMeterThread: Thread is done: Thread Group Test2 1-13
2023-12-22 11:07:33,122 INFO o.a.j.t.JMeterThread: Thread is done: Thread Group Test2 1-40
2023-12-22 11:07:33,122 INFO o.a.j.t.JMeterThread: Thread finished: Thread Group Test2 1-13
2023-12-22 11:07:33,122 INFO o.a.j.t.JMeterThread: Thread finished: Thread Group Test2 1-40
2023-12-22 11:07:33,169 INFO o.a.j.t.JMeterThread: Thread is done: Thread Group Test2 1-37
2023-12-22 11:07:33,185 INFO o.a.j.t.JMeterThread: Thread finished: Thread Group Test2 1-37
2023-12-22 11:07:33,263 INFO o.a.j.t.JMeterThread: Thread is done: Thread Group Test2 1-41
2023-12-22 11:07:33,263 INFO o.a.j.t.JMeterThread: Thread finished: Thread Group Test2 1-41
2023-12-22 11:07:33,341 INFO o.a.j.t.JMeterThread: Thread is done: Thread Group Test2 1-14
2023-12-22 11:07:33,341 INFO o.a.j.t.JMeterThread: Thread finished: Thread Group Test2 1-14
2023-12-22 11:07:33,435 INFO o.a.j.t.JMeterThread: Thread is done: Thread Group Test2 1-8
2023-12-22 11:07:33,435 INFO o.a.j.t.JMeterThread: Thread finished: Thread Group Test2 1-8
2023-12-22 11:07:33,669 INFO o.a.j.t.JMeterThread: Thread is done: Thread Group Test2 1-46
2023-12-22 11:07:33,685 INFO o.a.j.t.JMeterThread: Thread finished: Thread Group Test2 1-46
2023-12-22 11:07:33,716 INFO o.a.j.t.JMeterThread: Thread is done: Thread Group Test2 1-9
2023-12-22 11:07:33,716 INFO o.a.j.t.JMeterThread: Thread finished: Thread Group Test2 1-9
2023-12-22 11:07:33,826 INFO o.a.j.t.JMeterThread: Thread is done: Thread Group Test2 1-4
2023-12-22 11:07:33,826 INFO o.a.j.t.JMeterThread: Thread finished: Thread Group Test2 1-4
2023-12-22 11:07:33,950 INFO o.a.j.t.JMeterThread: Thread is done: Thread Group Test2 1-29
2023-12-22 11:07:33,950 INFO o.a.j.t.JMeterThread: Thread finished: Thread Group Test2 1-29
2023-12-22 11:07:34,091 INFO o.a.j.t.JMeterThread: Thread is done: Thread Group Test2 1-17
2023-12-22 11:07:34,091 INFO o.a.j.t.JMeterThread: Thread finished: Thread Group Test2 1-17
2023-12-22 11:07:40,214 INFO o.a.j.t.JMeterThread: Thread is done: Thread Group Test2 1-25
2023-12-22 11:07:40,214 INFO o.a.j.t.JMeterThread: Thread finished: Thread Group Test2 1-25
2023-12-22 11:07:41,354 INFO o.a.j.t.JMeterThread: Thread is done: Thread Group Test2 1-44
2023-12-22 11:07:41,354 INFO o.a.j.t.JMeterThread: Thread finished: Thread Group Test2 1-44
2023-12-22 11:07:41,916 INFO o.a.j.t.JMeterThread: Thread is done: Thread Group Test2 1-50
2023-12-22 11:07:41,932 INFO o.a.j.t.JMeterThread: Thread finished: Thread Group Test2 1-50
2023-12-22 11:07:49,539 INFO o.a.j.t.JMeterThread: Thread is done: Thread Group Test2 1-27
2023-12-22 11:07:49,539 INFO o.a.j.t.JMeterThread: Thread finished: Thread Group Test2 1-27
2023-12-22 11:07:49,539 INFO o.a.j.e.StandardJMeterEngine: Notifying test listeners of end of test
2023-12-22 11:07:49,539 INFO o.a.j.r.Summariser: summary +     41 in 00:00:19 =    2.1/s Avg:  4090 Min:   341 Max: 19745 Err:     0 (0.00%) Active: 0 Started: 50 Finished: 50
2023-12-22 11:07:49,539 INFO o.a.j.r.Summariser: summary =    200 in 00:00:57 =    3.5/s Avg:  9141 Min:   341 Max: 37090 Err:     0 (0.00%)
